[2026-07-17 10:01:01] INFO: 连接超时
[2026-07-17 10:02:02] INFO: 连接超时
[2026-07-17 10:03:03] INFO: 连接超时
[2026-07-17 10:04:04] WARNING: 用户登录
[2026-07-17 10:05:05] INFO: 用户登录
[2026-07-17 10:06:06] ERROR: 内存不足
[2026-07-17 10:07:07] INFO: 内存不足
[2026-07-17 10:08:08] ERROR: 查询数据库
[2026-07-17 10:09:09] WARNING: 请求成功
[2026-07-17 10:10:10] ERROR: 用户登录
[2026-07-17 10:11:11] INFO: 连接超时
[2026-07-17 10:12:12] INFO: 连接超时
[2026-07-17 10:13:13] WARNING: 查询数据库
[2026-07-17 10:14:14] ERROR: 用户登录
[2026-07-17 10:15:15] INFO: 用户登录
[2026-07-17 10:16:16] INFO: 内存不足
[2026-07-17 10:17:17] ERROR: 用户登录
[2026-07-17 10:18:18] WARNING: 连接超时
[2026-07-17 10:19:19] WARNING: 连接超时
[2026-07-17 10:20:20] INFO: 内存不足
[2026-07-17 10:21:21] ERROR: 请求成功
[2026-07-17 10:22:22] WARNING: 请求成功
[2026-07-17 10:23:23] ERROR: 请求成功
[2026-07-17 10:24:24] INFO: 请求成功
[2026-07-17 10:25:25] WARNING: 请求成功
[2026-07-17 10:26:26] WARNING: 请求成功
[2026-07-17 10:27:27] INFO: 查询数据库
[2026-07-17 10:28:28] INFO: 请求成功
[2026-07-17 10:29:29] WARNING: 请求成功
[2026-07-17 10:30:30] INFO: 连接超时
[2026-07-17 10:31:31] INFO: 查询数据库
[2026-07-17 10:32:32] INFO: 内存不足
[2026-07-17 10:33:33] INFO: 请求成功
[2026-07-17 10:34:34] INFO: 查询数据库
[2026-07-17 10:35:35] INFO: 连接超时
[2026-07-17 10:36:36] INFO: 用户登录
[2026-07-17 10:37:37] ERROR: 内存不足
[2026-07-17 10:38:38] WARNING: 请求成功
[2026-07-17 10:39:39] INFO: 查询数据库
[2026-07-17 10:40:40] WARNING: 内存不足
[2026-07-17 10:41:41] ERROR: 请求成功
[2026-07-17 10:42:42] INFO: 内存不足
[2026-07-17 10:43:43] INFO: 用户登录
[2026-07-17 10:44:44] INFO: 查询数据库
[2026-07-17 10:45:45] INFO: 用户登录
[2026-07-17 10:46:46] WARNING: 内存不足
[2026-07-17 10:47:47] INFO: 用户登录
[2026-07-17 10:48:48] INFO: 请求成功
[2026-07-17 10:49:49] INFO: 内存不足
[2026-07-17 10:50:50] INFO: 内存不足
[2026-07-17 10:51:51] INFO: 用户登录
[2026-07-17 10:52:52] ERROR: 连接超时
[2026-07-17 10:53:53] INFO: 请求成功
[2026-07-17 10:54:54] INFO: 连接超时
[2026-07-17 10:55:55] INFO: 内存不足
[2026-07-17 10:56:56] INFO: 用户登录
[2026-07-17 10:57:57] WARNING: 查询数据库
[2026-07-17 10:58:58] ERROR: 连接超时
[2026-07-17 10:59:59] INFO: 查询数据库
[2026-07-17 10:00:00] ERROR: 用户登录
[2026-07-17 10:01:01] INFO: 连接超时
[2026-07-17 10:02:02] INFO: 用户登录
[2026-07-17 10:03:03] INFO: 请求成功
[2026-07-17 10:04:04] WARNING: 内存不足
[2026-07-17 10:05:05] INFO: 内存不足
[2026-07-17 10:06:06] ERROR: 用户登录
[2026-07-17 10:07:07] INFO: 查询数据库
[2026-07-17 10:08:08] INFO: 查询数据库
[2026-07-17 10:09:09] ERROR: 查询数据库
[2026-07-17 10:10:10] ERROR: 内存不足
[2026-07-17 10:11:11] INFO: 请求成功
[2026-07-17 10:12:12] INFO: 连接超时
[2026-07-17 10:13:13] INFO: 连接超时
[2026-07-17 10:14:14] INFO: 查询数据库
[2026-07-17 10:15:15] INFO: 查询数据库
[2026-07-17 10:16:16] WARNING: 连接超时
[2026-07-17 10:17:17] WARNING: 请求成功
[2026-07-17 10:18:18] INFO: 内存不足
[2026-07-17 10:19:19] INFO: 用户登录
[2026-07-17 10:20:20] INFO: 内存不足
[2026-07-17 10:21:21] INFO: 请求成功
[2026-07-17 10:22:22] INFO: 内存不足
[2026-07-17 10:23:23] INFO: 内存不足
[2026-07-17 10:24:24] INFO: 内存不足
[2026-07-17 10:25:25] INFO: 内存不足
[2026-07-17 10:26:26] INFO: 内存不足
[2026-07-17 10:27:27] INFO: 查询数据库
[2026-07-17 10:28:28] INFO: 查询数据库
[2026-07-17 10:29:29] WARNING: 用户登录
[2026-07-17 10:30:30] INFO: 请求成功
[2026-07-17 10:31:31] INFO: 内存不足
[2026-07-17 10:32:32] INFO: 查询数据库
[2026-07-17 10:33:33] ERROR: 用户登录
[2026-07-17 10:34:34] ERROR: 查询数据库
[2026-07-17 10:35:35] INFO: 用户登录
[2026-07-17 10:36:36] INFO: 查询数据库
[2026-07-17 10:37:37] INFO: 连接超时
[2026-07-17 10:38:38] INFO: 内存不足
[2026-07-17 10:39:39] WARNING: 内存不足
[2026-07-17 10:40:40] INFO: 请求成功
[2026-07-17 10:41:41] INFO: 用户登录
[2026-07-17 10:42:42] INFO: 内存不足
[2026-07-17 10:43:43] INFO: 查询数据库
[2026-07-17 10:44:44] INFO: 查询数据库
[2026-07-17 10:45:45] INFO: 用户登录
[2026-07-17 10:46:46] INFO: 查询数据库
[2026-07-17 10:47:47] INFO: 内存不足
[2026-07-17 10:48:48] WARNING: 连接超时
[2026-07-17 10:49:49] INFO: 用户登录
[2026-07-17 10:50:50] INFO: 查询数据库
[2026-07-17 10:51:51] INFO: 内存不足
[2026-07-17 10:52:52] ERROR: 查询数据库
[2026-07-17 10:53:53] INFO: 用户登录
[2026-07-17 10:54:54] INFO: 请求成功
[2026-07-17 10:55:55] INFO: 连接超时
[2026-07-17 10:56:56] INFO: 请求成功
[2026-07-17 10:57:57] INFO: 内存不足
[2026-07-17 10:58:58] INFO: 请求成功
[2026-07-17 10:59:59] INFO: 用户登录
[2026-07-17 10:00:00] INFO: 查询数据库
[2026-07-17 10:01:01] INFO: 内存不足
[2026-07-17 10:02:02] INFO: 请求成功
[2026-07-17 10:03:03] INFO: 内存不足
[2026-07-17 10:04:04] INFO: 连接超时
[2026-07-17 10:05:05] INFO: 查询数据库
[2026-07-17 10:06:06] INFO: 请求成功
[2026-07-17 10:07:07] INFO: 请求成功
[2026-07-17 10:08:08] INFO: 请求成功
[2026-07-17 10:09:09] ERROR: 查询数据库
[2026-07-17 10:10:10] INFO: 查询数据库
[2026-07-17 10:11:11] INFO: 内存不足
[2026-07-17 10:12:12] INFO: 用户登录
[2026-07-17 10:13:13] INFO: 请求成功
[2026-07-17 10:14:14] INFO: 连接超时
[2026-07-17 10:15:15] INFO: 连接超时
[2026-07-17 10:16:16] WARNING: 用户登录
[2026-07-17 10:17:17] INFO: 连接超时
[2026-07-17 10:18:18] INFO: 查询数据库
[2026-07-17 10:19:19] INFO: 请求成功
[2026-07-17 10:20:20] INFO: 连接超时
[2026-07-17 10:21:21] ERROR: 请求成功
[2026-07-17 10:22:22] INFO: 连接超时
[2026-07-17 10:23:23] INFO: 连接超时
[2026-07-17 10:24:24] ERROR: 用户登录
[2026-07-17 10:25:25] INFO: 内存不足
[2026-07-17 10:26:26] INFO: 内存不足
[2026-07-17 10:27:27] INFO: 内存不足
[2026-07-17 10:28:28] INFO: 查询数据库
[2026-07-17 10:29:29] INFO: 内存不足
[2026-07-17 10:30:30] ERROR: 连接超时
[2026-07-17 10:31:31] INFO: 连接超时
[2026-07-17 10:32:32] INFO: 内存不足
[2026-07-17 10:33:33] WARNING: 请求成功
[2026-07-17 10:34:34] ERROR: 内存不足
[2026-07-17 10:35:35] INFO: 内存不足
[2026-07-17 10:36:36] ERROR: 内存不足
[2026-07-17 10:37:37] INFO: 用户登录
[2026-07-17 10:38:38] ERROR: 请求成功
[2026-07-17 10:39:39] ERROR: 内存不足
[2026-07-17 10:40:40] INFO: 内存不足
[2026-07-17 10:41:41] INFO: 请求成功
[2026-07-17 10:42:42] ERROR: 查询数据库
[2026-07-17 10:43:43] INFO: 内存不足
[2026-07-17 10:44:44] INFO: 查询数据库
[2026-07-17 10:45:45] ERROR: 请求成功
[2026-07-17 10:46:46] WARNING: 连接超时
[2026-07-17 10:47:47] ERROR: 请求成功
[2026-07-17 10:48:48] INFO: 内存不足
[2026-07-17 10:49:49] WARNING: 连接超时
[2026-07-17 10:50:50] ERROR: 用户登录
[2026-07-17 10:51:51] WARNING: 查询数据库
[2026-07-17 10:52:52] ERROR: 查询数据库
[2026-07-17 10:53:53] WARNING: 查询数据库
[2026-07-17 10:54:54] INFO: 连接超时
[2026-07-17 10:55:55] INFO: 查询数据库
[2026-07-17 10:56:56] ERROR: 查询数据库
[2026-07-17 10:57:57] WARNING: 用户登录
[2026-07-17 10:58:58] ERROR: 查询数据库
[2026-07-17 10:59:59] ERROR: 查询数据库
[2026-07-17 10:00:00] INFO: 请求成功
[2026-07-17 10:01:01] WARNING: 请求成功
[2026-07-17 10:02:02] INFO: 用户登录
[2026-07-17 10:03:03] INFO: 内存不足
[2026-07-17 10:04:04] ERROR: 用户登录
[2026-07-17 10:05:05] INFO: 查询数据库
[2026-07-17 10:06:06] ERROR: 用户登录
[2026-07-17 10:07:07] INFO: 查询数据库
[2026-07-17 10:08:08] INFO: 连接超时
[2026-07-17 10:09:09] ERROR: 连接超时
[2026-07-17 10:10:10] ERROR: 连接超时
[2026-07-17 10:11:11] INFO: 用户登录
[2026-07-17 10:12:12] INFO: 用户登录
[2026-07-17 10:13:13] INFO: 查询数据库
[2026-07-17 10:14:14] WARNING: 连接超时
[2026-07-17 10:15:15] INFO: 用户登录
[2026-07-17 10:16:16] WARNING: 连接超时
[2026-07-17 10:17:17] ERROR: 内存不足
[2026-07-17 10:18:18] INFO: 用户登录
[2026-07-17 10:19:19] ERROR: 请求成功
[2026-07-17 10:20:20] ERROR: 内存不足
[2026-07-17 10:21:21] WARNING: 用户登录
[2026-07-17 10:22:22] WARNING: 查询数据库
[2026-07-17 10:23:23] WARNING: 内存不足
[2026-07-17 10:24:24] ERROR: 内存不足
[2026-07-17 10:25:25] ERROR: 查询数据库
[2026-07-17 10:26:26] ERROR: 用户登录
[2026-07-17 10:27:27] ERROR: 连接超时
[2026-07-17 10:28:28] INFO: 内存不足
[2026-07-17 10:29:29] INFO: 请求成功
[2026-07-17 10:30:30] INFO: 用户登录
[2026-07-17 10:31:31] WARNING: 查询数据库
[2026-07-17 10:32:32] INFO: 查询数据库
[2026-07-17 10:33:33] INFO: 查询数据库
[2026-07-17 10:34:34] INFO: 用户登录
[2026-07-17 10:35:35] WARNING: 连接超时
[2026-07-17 10:36:36] INFO: 连接超时
[2026-07-17 10:37:37] WARNING: 连接超时
[2026-07-17 10:38:38] INFO: 查询数据库
[2026-07-17 10:39:39] INFO: 请求成功
[2026-07-17 10:40:40] INFO: 查询数据库
[2026-07-17 10:41:41] ERROR: 用户登录
[2026-07-17 10:42:42] WARNING: 内存不足
[2026-07-17 10:43:43] ERROR: 内存不足
[2026-07-17 10:44:44] INFO: 请求成功
[2026-07-17 10:45:45] INFO: 连接超时
[2026-07-17 10:46:46] INFO: 用户登录
[2026-07-17 10:47:47] INFO: 查询数据库
[2026-07-17 10:48:48] ERROR: 查询数据库
[2026-07-17 10:49:49] WARNING: 连接超时
[2026-07-17 10:50:50] INFO: 内存不足
[2026-07-17 10:51:51] WARNING: 查询数据库
[2026-07-17 10:52:52] INFO: 请求成功
[2026-07-17 10:53:53] INFO: 连接超时
[2026-07-17 10:54:54] ERROR: 连接超时
[2026-07-17 10:55:55] INFO: 连接超时
[2026-07-17 10:56:56] INFO: 请求成功
[2026-07-17 10:57:57] INFO: 查询数据库
[2026-07-17 10:58:58] INFO: 用户登录
[2026-07-17 10:59:59] WARNING: 查询数据库
[2026-07-17 10:00:00] INFO: 用户登录
[2026-07-17 10:01:01] INFO: 内存不足
[2026-07-17 10:02:02] ERROR: 查询数据库
[2026-07-17 10:03:03] INFO: 连接超时
[2026-07-17 10:04:04] INFO: 请求成功
[2026-07-17 10:05:05] INFO: 用户登录
[2026-07-17 10:06:06] INFO: 连接超时
[2026-07-17 10:07:07] WARNING: 连接超时
[2026-07-17 10:08:08] ERROR: 用户登录
[2026-07-17 10:09:09] INFO: 请求成功
[2026-07-17 10:10:10] INFO: 用户登录
[2026-07-17 10:11:11] INFO: 连接超时
[2026-07-17 10:12:12] INFO: 内存不足
[2026-07-17 10:13:13] INFO: 请求成功
[2026-07-17 10:14:14] ERROR: 查询数据库
[2026-07-17 10:15:15] INFO: 用户登录
[2026-07-17 10:16:16] ERROR: 连接超时
[2026-07-17 10:17:17] INFO: 用户登录
[2026-07-17 10:18:18] WARNING: 连接超时
[2026-07-17 10:19:19] INFO: 连接超时
[2026-07-17 10:20:20] INFO: 用户登录
[2026-07-17 10:21:21] INFO: 用户登录
[2026-07-17 10:22:22] INFO: 内存不足
[2026-07-17 10:23:23] ERROR: 连接超时
[2026-07-17 10:24:24] ERROR: 用户登录
[2026-07-17 10:25:25] ERROR: 连接超时
[2026-07-17 10:26:26] INFO: 用户登录
[2026-07-17 10:27:27] INFO: 用户登录
[2026-07-17 10:28:28] ERROR: 查询数据库
[2026-07-17 10:29:29] INFO: 用户登录
[2026-07-17 10:30:30] WARNING: 请求成功
[2026-07-17 10:31:31] INFO: 查询数据库
[2026-07-17 10:32:32] ERROR: 连接超时
[2026-07-17 10:33:33] INFO: 连接超时
[2026-07-17 10:34:34] INFO: 连接超时
[2026-07-17 10:35:35] ERROR: 查询数据库
[2026-07-17 10:36:36] WARNING: 连接超时
[2026-07-17 10:37:37] INFO: 请求成功
[2026-07-17 10:38:38] ERROR: 请求成功
[2026-07-17 10:39:39] ERROR: 请求成功
[2026-07-17 10:40:40] WARNING: 请求成功
[2026-07-17 10:41:41] INFO: 用户登录
[2026-07-17 10:42:42] INFO: 查询数据库
[2026-07-17 10:43:43] INFO: 查询数据库
[2026-07-17 10:44:44] INFO: 用户登录
[2026-07-17 10:45:45] INFO: 请求成功
[2026-07-17 10:46:46] WARNING: 用户登录
[2026-07-17 10:47:47] ERROR: 用户登录
[2026-07-17 10:48:48] INFO: 请求成功
[2026-07-17 10:49:49] ERROR: 用户登录
[2026-07-17 10:50:50] WARNING: 内存不足
[2026-07-17 10:51:51] WARNING: 连接超时
[2026-07-17 10:52:52] INFO: 用户登录
[2026-07-17 10:53:53] INFO: 内存不足
[2026-07-17 10:54:54] WARNING: 内存不足
[2026-07-17 10:55:55] ERROR: 请求成功
[2026-07-17 10:56:56] WARNING: 连接超时
[2026-07-17 10:57:57] ERROR: 连接超时
[2026-07-17 10:58:58] INFO: 用户登录
[2026-07-17 10:59:59] WARNING: 用户登录
[2026-07-17 10:00:00] INFO: 请求成功
[2026-07-17 10:01:01] WARNING: 连接超时
[2026-07-17 10:02:02] INFO: 用户登录
[2026-07-17 10:03:03] INFO: 内存不足
[2026-07-17 10:04:04] INFO: 连接超时
[2026-07-17 10:05:05] INFO: 用户登录
[2026-07-17 10:06:06] INFO: 内存不足
[2026-07-17 10:07:07] ERROR: 请求成功
[2026-07-17 10:08:08] INFO: 内存不足
[2026-07-17 10:09:09] INFO: 连接超时
[2026-07-17 10:10:10] INFO: 用户登录
[2026-07-17 10:11:11] WARNING: 内存不足
[2026-07-17 10:12:12] WARNING: 请求成功
[2026-07-17 10:13:13] INFO: 请求成功
[2026-07-17 10:14:14] WARNING: 用户登录
[2026-07-17 10:15:15] INFO: 内存不足
[2026-07-17 10:16:16] INFO: 用户登录
[2026-07-17 10:17:17] WARNING: 请求成功
[2026-07-17 10:18:18] INFO: 内存不足
[2026-07-17 10:19:19] INFO: 查询数据库
[2026-07-17 10:20:20] ERROR: 查询数据库
[2026-07-17 10:21:21] ERROR: 内存不足
[2026-07-17 10:22:22] INFO: 查询数据库
[2026-07-17 10:23:23] WARNING: 内存不足
[2026-07-17 10:24:24] INFO: 连接超时
[2026-07-17 10:25:25] INFO: 连接超时
[2026-07-17 10:26:26] INFO: 内存不足
[2026-07-17 10:27:27] INFO: 查询数据库
[2026-07-17 10:28:28] INFO: 请求成功
[2026-07-17 10:29:29] INFO: 内存不足
[2026-07-17 10:30:30] INFO: 查询数据库
[2026-07-17 10:31:31] WARNING: 内存不足
[2026-07-17 10:32:32] INFO: 内存不足
[2026-07-17 10:33:33] INFO: 内存不足
[2026-07-17 10:34:34] INFO: 用户登录
[2026-07-17 10:35:35] INFO: 用户登录
[2026-07-17 10:36:36] INFO: 用户登录
[2026-07-17 10:37:37] ERROR: 内存不足
[2026-07-17 10:38:38] ERROR: 用户登录
[2026-07-17 10:39:39] INFO: 连接超时
[2026-07-17 10:40:40] WARNING: 请求成功
[2026-07-17 10:41:41] WARNING: 请求成功
[2026-07-17 10:42:42] INFO: 用户登录
[2026-07-17 10:43:43] INFO: 请求成功
[2026-07-17 10:44:44] INFO: 请求成功
[2026-07-17 10:45:45] WARNING: 用户登录
[2026-07-17 10:46:46] WARNING: 查询数据库
[2026-07-17 10:47:47] ERROR: 连接超时
[2026-07-17 10:48:48] ERROR: 连接超时
[2026-07-17 10:49:49] INFO: 查询数据库
[2026-07-17 10:50:50] INFO: 用户登录
[2026-07-17 10:51:51] INFO: 连接超时
[2026-07-17 10:52:52] WARNING: 查询数据库
[2026-07-17 10:53:53] INFO: 用户登录
[2026-07-17 10:54:54] INFO: 连接超时
[2026-07-17 10:55:55] ERROR: 请求成功
[2026-07-17 10:56:56] WARNING: 连接超时
[2026-07-17 10:57:57] INFO: 内存不足
[2026-07-17 10:58:58] INFO: 连接超时
[2026-07-17 10:59:59] INFO: 连接超时
[2026-07-17 10:00:00] WARNING: 连接超时
[2026-07-17 10:01:01] INFO: 用户登录
[2026-07-17 10:02:02] INFO: 连接超时
[2026-07-17 10:03:03] ERROR: 查询数据库
[2026-07-17 10:04:04] WARNING: 内存不足
[2026-07-17 10:05:05] WARNING: 请求成功
[2026-07-17 10:06:06] INFO: 查询数据库
[2026-07-17 10:07:07] ERROR: 连接超时
[2026-07-17 10:08:08] INFO: 查询数据库
[2026-07-17 10:09:09] INFO: 内存不足
[2026-07-17 10:10:10] INFO: 内存不足
[2026-07-17 10:11:11] INFO: 查询数据库
[2026-07-17 10:12:12] INFO: 内存不足
[2026-07-17 10:13:13] INFO: 用户登录
[2026-07-17 10:14:14] INFO: 查询数据库
[2026-07-17 10:15:15] INFO: 查询数据库
[2026-07-17 10:16:16] WARNING: 连接超时
[2026-07-17 10:17:17] INFO: 查询数据库
[2026-07-17 10:18:18] INFO: 连接超时
[2026-07-17 10:19:19] ERROR: 内存不足
[2026-07-17 10:20:20] WARNING: 内存不足
[2026-07-17 10:21:21] INFO: 连接超时
[2026-07-17 10:22:22] INFO: 用户登录
[2026-07-17 10:23:23] INFO: 内存不足
[2026-07-17 10:24:24] INFO: 内存不足
[2026-07-17 10:25:25] ERROR: 连接超时
[2026-07-17 10:26:26] INFO: 请求成功
[2026-07-17 10:27:27] INFO: 连接超时
[2026-07-17 10:28:28] WARNING: 连接超时
[2026-07-17 10:29:29] INFO: 请求成功
[2026-07-17 10:30:30] ERROR: 内存不足
[2026-07-17 10:31:31] INFO: 查询数据库
[2026-07-17 10:32:32] INFO: 查询数据库
[2026-07-17 10:33:33] WARNING: 连接超时
[2026-07-17 10:34:34] INFO: 内存不足
[2026-07-17 10:35:35] INFO: 连接超时
[2026-07-17 10:36:36] WARNING: 请求成功
[2026-07-17 10:37:37] ERROR: 内存不足
[2026-07-17 10:38:38] ERROR: 请求成功
[2026-07-17 10:39:39] INFO: 查询数据库
[2026-07-17 10:40:40] INFO: 用户登录
[2026-07-17 10:41:41] WARNING: 查询数据库
[2026-07-17 10:42:42] INFO: 用户登录
[2026-07-17 10:43:43] WARNING: 请求成功
[2026-07-17 10:44:44] ERROR: 查询数据库
[2026-07-17 10:45:45] INFO: 请求成功
[2026-07-17 10:46:46] INFO: 查询数据库
[2026-07-17 10:47:47] WARNING: 连接超时
[2026-07-17 10:48:48] INFO: 请求成功
[2026-07-17 10:49:49] WARNING: 查询数据库
[2026-07-17 10:50:50] INFO: 查询数据库
[2026-07-17 10:51:51] INFO: 查询数据库
[2026-07-17 10:52:52] INFO: 请求成功
[2026-07-17 10:53:53] INFO: 请求成功
[2026-07-17 10:54:54] INFO: 连接超时
[2026-07-17 10:55:55] INFO: 查询数据库
[2026-07-17 10:56:56] ERROR: 内存不足
[2026-07-17 10:57:57] INFO: 请求成功
[2026-07-17 10:58:58] INFO: 查询数据库
[2026-07-17 10:59:59] ERROR: 请求成功
[2026-07-17 10:00:00] ERROR: 连接超时
[2026-07-17 10:01:01] WARNING: 用户登录
[2026-07-17 10:02:02] INFO: 连接超时
[2026-07-17 10:03:03] INFO: 请求成功
[2026-07-17 10:04:04] INFO: 请求成功
[2026-07-17 10:05:05] WARNING: 内存不足
[2026-07-17 10:06:06] ERROR: 连接超时
[2026-07-17 10:07:07] ERROR: 内存不足
[2026-07-17 10:08:08] ERROR: 内存不足
[2026-07-17 10:09:09] ERROR: 连接超时
[2026-07-17 10:10:10] INFO: 请求成功
[2026-07-17 10:11:11] ERROR: 查询数据库
[2026-07-17 10:12:12] INFO: 内存不足
[2026-07-17 10:13:13] ERROR: 查询数据库
[2026-07-17 10:14:14] INFO: 连接超时
[2026-07-17 10:15:15] INFO: 连接超时
[2026-07-17 10:16:16] WARNING: 请求成功
[2026-07-17 10:17:17] INFO: 用户登录
[2026-07-17 10:18:18] INFO: 用户登录
[2026-07-17 10:19:19] INFO: 用户登录
[2026-07-17 10:20:20] INFO: 内存不足
[2026-07-17 10:21:21] INFO: 查询数据库
[2026-07-17 10:22:22] INFO: 连接超时
[2026-07-17 10:23:23] WARNING: 连接超时
[2026-07-17 10:24:24] INFO: 连接超时
[2026-07-17 10:25:25] INFO: 查询数据库
[2026-07-17 10:26:26] INFO: 连接超时
[2026-07-17 10:27:27] INFO: 用户登录
[2026-07-17 10:28:28] ERROR: 内存不足
[2026-07-17 10:29:29] WARNING: 用户登录
[2026-07-17 10:30:30] WARNING: 内存不足
[2026-07-17 10:31:31] INFO: 连接超时
[2026-07-17 10:32:32] INFO: 查询数据库
[2026-07-17 10:33:33] INFO: 查询数据库
[2026-07-17 10:34:34] INFO: 用户登录
[2026-07-17 10:35:35] INFO: 请求成功
[2026-07-17 10:36:36] WARNING: 内存不足
[2026-07-17 10:37:37] ERROR: 用户登录
[2026-07-17 10:38:38] WARNING: 内存不足
[2026-07-17 10:39:39] INFO: 请求成功
[2026-07-17 10:40:40] WARNING: 查询数据库
[2026-07-17 10:41:41] INFO: 用户登录
[2026-07-17 10:42:42] INFO: 查询数据库
[2026-07-17 10:43:43] INFO: 内存不足
[2026-07-17 10:44:44] WARNING: 内存不足
[2026-07-17 10:45:45] INFO: 内存不足
[2026-07-17 10:46:46] INFO: 连接超时
[2026-07-17 10:47:47] INFO: 连接超时
[2026-07-17 10:48:48] ERROR: 内存不足
[2026-07-17 10:49:49] ERROR: 请求成功
[2026-07-17 10:50:50] INFO: 查询数据库
[2026-07-17 10:51:51] INFO: 查询数据库
[2026-07-17 10:52:52] WARNING: 连接超时
[2026-07-17 10:53:53] INFO: 查询数据库
[2026-07-17 10:54:54] INFO: 连接超时
[2026-07-17 10:55:55] WARNING: 连接超时
[2026-07-17 10:56:56] INFO: 请求成功
[2026-07-17 10:57:57] INFO: 请求成功
[2026-07-17 10:58:58] INFO: 查询数据库
[2026-07-17 10:59:59] INFO: 请求成功
[2026-07-17 10:00:00] WARNING: 内存不足
[2026-07-17 10:01:01] ERROR: 请求成功
[2026-07-17 10:02:02] INFO: 请求成功
[2026-07-17 10:03:03] INFO: 内存不足
[2026-07-17 10:04:04] ERROR: 内存不足
[2026-07-17 10:05:05] ERROR: 用户登录
[2026-07-17 10:06:06] INFO: 内存不足
[2026-07-17 10:07:07] INFO: 用户登录
[2026-07-17 10:08:08] INFO: 用户登录
[2026-07-17 10:09:09] INFO: 用户登录
[2026-07-17 10:10:10] WARNING: 查询数据库
[2026-07-17 10:11:11] INFO: 查询数据库
[2026-07-17 10:12:12] WARNING: 内存不足
[2026-07-17 10:13:13] INFO: 内存不足
[2026-07-17 10:14:14] INFO: 内存不足
[2026-07-17 10:15:15] INFO: 内存不足
[2026-07-17 10:16:16] INFO: 内存不足
[2026-07-17 10:17:17] INFO: 请求成功
[2026-07-17 10:18:18] INFO: 查询数据库
[2026-07-17 10:19:19] WARNING: 内存不足
[2026-07-17 10:20:20] INFO: 内存不足
[2026-07-17 10:21:21] WARNING: 用户登录
[2026-07-17 10:22:22] ERROR: 连接超时
[2026-07-17 10:23:23] INFO: 连接超时
[2026-07-17 10:24:24] INFO: 用户登录
[2026-07-17 10:25:25] ERROR: 查询数据库
[2026-07-17 10:26:26] WARNING: 用户登录
[2026-07-17 10:27:27] WARNING: 用户登录
[2026-07-17 10:28:28] INFO: 连接超时
[2026-07-17 10:29:29] WARNING: 连接超时
[2026-07-17 10:30:30] ERROR: 查询数据库
[2026-07-17 10:31:31] ERROR: 连接超时
[2026-07-17 10:32:32] INFO: 请求成功
[2026-07-17 10:33:33] WARNING: 查询数据库
[2026-07-17 10:34:34] INFO: 请求成功
[2026-07-17 10:35:35] WARNING: 用户登录
[2026-07-17 10:36:36] WARNING: 请求成功
[2026-07-17 10:37:37] INFO: 用户登录
[2026-07-17 10:38:38] INFO: 连接超时
[2026-07-17 10:39:39] INFO: 连接超时
[2026-07-17 10:40:40] WARNING: 查询数据库
[2026-07-17 10:41:41] INFO: 请求成功
[2026-07-17 10:42:42] INFO: 请求成功
[2026-07-17 10:43:43] INFO: 连接超时
[2026-07-17 10:44:44] INFO: 查询数据库
[2026-07-17 10:45:45] WARNING: 内存不足
[2026-07-17 10:46:46] INFO: 内存不足
[2026-07-17 10:47:47] INFO: 连接超时
[2026-07-17 10:48:48] ERROR: 内存不足
[2026-07-17 10:49:49] INFO: 查询数据库
[2026-07-17 10:50:50] ERROR: 查询数据库
[2026-07-17 10:51:51] WARNING: 请求成功
[2026-07-17 10:52:52] WARNING: 用户登录
[2026-07-17 10:53:53] ERROR: 请求成功
[2026-07-17 10:54:54] WARNING: 请求成功
[2026-07-17 10:55:55] ERROR: 请求成功
[2026-07-17 10:56:56] INFO: 请求成功
[2026-07-17 10:57:57] ERROR: 内存不足
[2026-07-17 10:58:58] ERROR: 内存不足
[2026-07-17 10:59:59] INFO: 连接超时
[2026-07-17 10:00:00] ERROR: 查询数据库
[2026-07-17 10:01:01] INFO: 请求成功
[2026-07-17 10:02:02] INFO: 查询数据库
[2026-07-17 10:03:03] INFO: 用户登录
[2026-07-17 10:04:04] WARNING: 请求成功
[2026-07-17 10:05:05] INFO: 请求成功
[2026-07-17 10:06:06] INFO: 查询数据库
[2026-07-17 10:07:07] INFO: 连接超时
[2026-07-17 10:08:08] INFO: 请求成功
[2026-07-17 10:09:09] ERROR: 连接超时
[2026-07-17 10:10:10] INFO: 查询数据库
[2026-07-17 10:11:11] INFO: 查询数据库
[2026-07-17 10:12:12] INFO: 查询数据库
[2026-07-17 10:13:13] ERROR: 用户登录
[2026-07-17 10:14:14] ERROR: 内存不足
[2026-07-17 10:15:15] INFO: 内存不足
[2026-07-17 10:16:16] INFO: 内存不足
[2026-07-17 10:17:17] INFO: 内存不足
[2026-07-17 10:18:18] ERROR: 请求成功
[2026-07-17 10:19:19] INFO: 内存不足
[2026-07-17 10:20:20] WARNING: 连接超时
[2026-07-17 10:21:21] WARNING: 用户登录
[2026-07-17 10:22:22] INFO: 请求成功
[2026-07-17 10:23:23] INFO: 查询数据库
[2026-07-17 10:24:24] INFO: 请求成功
[2026-07-17 10:25:25] ERROR: 查询数据库
[2026-07-17 10:26:26] WARNING: 请求成功
[2026-07-17 10:27:27] INFO: 内存不足
[2026-07-17 10:28:28] INFO: 请求成功
[2026-07-17 10:29:29] INFO: 连接超时
[2026-07-17 10:30:30] INFO: 内存不足
[2026-07-17 10:31:31] WARNING: 查询数据库
[2026-07-17 10:32:32] WARNING: 用户登录
[2026-07-17 10:33:33] INFO: 连接超时
[2026-07-17 10:34:34] WARNING: 用户登录
[2026-07-17 10:35:35] INFO: 内存不足
[2026-07-17 10:36:36] ERROR: 连接超时
[2026-07-17 10:37:37] INFO: 连接超时
[2026-07-17 10:38:38] WARNING: 查询数据库
[2026-07-17 10:39:39] INFO: 用户登录
[2026-07-17 10:40:40] INFO: 连接超时
[2026-07-17 10:41:41] INFO: 连接超时
[2026-07-17 10:42:42] ERROR: 请求成功
[2026-07-17 10:43:43] WARNING: 查询数据库
[2026-07-17 10:44:44] INFO: 内存不足
[2026-07-17 10:45:45] INFO: 用户登录
[2026-07-17 10:46:46] WARNING: 查询数据库
[2026-07-17 10:47:47] INFO: 连接超时
[2026-07-17 10:48:48] INFO: 请求成功
[2026-07-17 10:49:49] INFO: 请求成功
[2026-07-17 10:50:50] INFO: 请求成功
[2026-07-17 10:51:51] INFO: 用户登录
[2026-07-17 10:52:52] WARNING: 连接超时
[2026-07-17 10:53:53] ERROR: 内存不足
[2026-07-17 10:54:54] INFO: 用户登录
[2026-07-17 10:55:55] INFO: 查询数据库
[2026-07-17 10:56:56] INFO: 内存不足
[2026-07-17 10:57:57] ERROR: 请求成功
[2026-07-17 10:58:58] INFO: 请求成功
[2026-07-17 10:59:59] ERROR: 用户登录
[2026-07-17 10:00:00] INFO: 用户登录
[2026-07-17 10:01:01] INFO: 连接超时
[2026-07-17 10:02:02] INFO: 连接超时
[2026-07-17 10:03:03] INFO: 用户登录
[2026-07-17 10:04:04] INFO: 请求成功
[2026-07-17 10:05:05] INFO: 用户登录
[2026-07-17 10:06:06] INFO: 连接超时
[2026-07-17 10:07:07] ERROR: 查询数据库
[2026-07-17 10:08:08] INFO: 请求成功
[2026-07-17 10:09:09] ERROR: 连接超时
[2026-07-17 10:10:10] INFO: 请求成功
[2026-07-17 10:11:11] INFO: 连接超时
[2026-07-17 10:12:12] WARNING: 请求成功
[2026-07-17 10:13:13] INFO: 用户登录
[2026-07-17 10:14:14] INFO: 用户登录
[2026-07-17 10:15:15] INFO: 内存不足
[2026-07-17 10:16:16] INFO: 用户登录
[2026-07-17 10:17:17] INFO: 用户登录
[2026-07-17 10:18:18] ERROR: 查询数据库
[2026-07-17 10:19:19] INFO: 请求成功
[2026-07-17 10:20:20] INFO: 用户登录
[2026-07-17 10:21:21] WARNING: 用户登录
[2026-07-17 10:22:22] INFO: 请求成功
[2026-07-17 10:23:23] INFO: 请求成功
[2026-07-17 10:24:24] WARNING: 连接超时
[2026-07-17 10:25:25] INFO: 连接超时
[2026-07-17 10:26:26] INFO: 用户登录
[2026-07-17 10:27:27] WARNING: 查询数据库
[2026-07-17 10:28:28] ERROR: 查询数据库
[2026-07-17 10:29:29] INFO: 请求成功
[2026-07-17 10:30:30] ERROR: 用户登录
[2026-07-17 10:31:31] WARNING: 内存不足
[2026-07-17 10:32:32] INFO: 连接超时
[2026-07-17 10:33:33] ERROR: 请求成功
[2026-07-17 10:34:34] ERROR: 连接超时
[2026-07-17 10:35:35] INFO: 连接超时
[2026-07-17 10:36:36] WARNING: 请求成功
[2026-07-17 10:37:37] INFO: 用户登录
[2026-07-17 10:38:38] INFO: 连接超时
[2026-07-17 10:39:39] INFO: 查询数据库
[2026-07-17 10:40:40] INFO: 内存不足
[2026-07-17 10:41:41] WARNING: 用户登录
[2026-07-17 10:42:42] INFO: 查询数据库
[2026-07-17 10:43:43] INFO: 内存不足
[2026-07-17 10:44:44] INFO: 用户登录
[2026-07-17 10:45:45] INFO: 查询数据库
[2026-07-17 10:46:46] ERROR: 内存不足
[2026-07-17 10:47:47] INFO: 连接超时
[2026-07-17 10:48:48] INFO: 连接超时
[2026-07-17 10:49:49] WARNING: 内存不足
[2026-07-17 10:50:50] INFO: 内存不足
[2026-07-17 10:51:51] INFO: 用户登录
[2026-07-17 10:52:52] INFO: 查询数据库
[2026-07-17 10:53:53] INFO: 内存不足
[2026-07-17 10:54:54] INFO: 查询数据库
[2026-07-17 10:55:55] INFO: 连接超时
[2026-07-17 10:56:56] WARNING: 请求成功
[2026-07-17 10:57:57] INFO: 查询数据库
[2026-07-17 10:58:58] INFO: 连接超时
[2026-07-17 10:59:59] WARNING: 连接超时
[2026-07-17 10:00:00] INFO: 用户登录
[2026-07-17 10:01:01] INFO: 用户登录
[2026-07-17 10:02:02] INFO: 请求成功
[2026-07-17 10:03:03] WARNING: 请求成功
[2026-07-17 10:04:04] ERROR: 内存不足
[2026-07-17 10:05:05] INFO: 查询数据库
[2026-07-17 10:06:06] INFO: 用户登录
[2026-07-17 10:07:07] ERROR: 请求成功
[2026-07-17 10:08:08] INFO: 内存不足
[2026-07-17 10:09:09] INFO: 查询数据库
[2026-07-17 10:10:10] WARNING: 连接超时
[2026-07-17 10:11:11] INFO: 内存不足
[2026-07-17 10:12:12] INFO: 查询数据库
[2026-07-17 10:13:13] ERROR: 连接超时
[2026-07-17 10:14:14] ERROR: 内存不足
[2026-07-17 10:15:15] INFO: 内存不足
[2026-07-17 10:16:16] INFO: 查询数据库
[2026-07-17 10:17:17] INFO: 查询数据库
[2026-07-17 10:18:18] WARNING: 内存不足
[2026-07-17 10:19:19] INFO: 内存不足
[2026-07-17 10:20:20] WARNING: 请求成功
[2026-07-17 10:21:21] ERROR: 连接超时
[2026-07-17 10:22:22] INFO: 用户登录
[2026-07-17 10:23:23] INFO: 用户登录
[2026-07-17 10:24:24] INFO: 用户登录
[2026-07-17 10:25:25] INFO: 用户登录
[2026-07-17 10:26:26] INFO: 用户登录
[2026-07-17 10:27:27] INFO: 用户登录
[2026-07-17 10:28:28] ERROR: 查询数据库
[2026-07-17 10:29:29] INFO: 查询数据库
[2026-07-17 10:30:30] INFO: 用户登录
[2026-07-17 10:31:31] ERROR: 查询数据库
[2026-07-17 10:32:32] INFO: 连接超时
[2026-07-17 10:33:33] INFO: 查询数据库
[2026-07-17 10:34:34] INFO: 用户登录
[2026-07-17 10:35:35] ERROR: 连接超时
[2026-07-17 10:36:36] ERROR: 连接超时
[2026-07-17 10:37:37] INFO: 查询数据库
[2026-07-17 10:38:38] WARNING: 内存不足
[2026-07-17 10:39:39] INFO: 用户登录
[2026-07-17 10:40:40] INFO: 查询数据库
[2026-07-17 10:41:41] ERROR: 请求成功
[2026-07-17 10:42:42] INFO: 用户登录
[2026-07-17 10:43:43] WARNING: 请求成功
[2026-07-17 10:44:44] ERROR: 内存不足
[2026-07-17 10:45:45] ERROR: 连接超时
[2026-07-17 10:46:46] INFO: 查询数据库
[2026-07-17 10:47:47] WARNING: 连接超时
[2026-07-17 10:48:48] INFO: 连接超时
[2026-07-17 10:49:49] INFO: 请求成功
[2026-07-17 10:50:50] INFO: 连接超时
[2026-07-17 10:51:51] ERROR: 内存不足
[2026-07-17 10:52:52] WARNING: 连接超时
[2026-07-17 10:53:53] ERROR: 内存不足
[2026-07-17 10:54:54] INFO: 请求成功
[2026-07-17 10:55:55] INFO: 用户登录
[2026-07-17 10:56:56] INFO: 请求成功
[2026-07-17 10:57:57] ERROR: 连接超时
[2026-07-17 10:58:58] INFO: 请求成功
[2026-07-17 10:59:59] INFO: 查询数据库
[2026-07-17 10:00:00] WARNING: 用户登录
[2026-07-17 10:01:01] INFO: 内存不足
[2026-07-17 10:02:02] INFO: 连接超时
[2026-07-17 10:03:03] ERROR: 用户登录
[2026-07-17 10:04:04] INFO: 用户登录
[2026-07-17 10:05:05] WARNING: 查询数据库
[2026-07-17 10:06:06] INFO: 查询数据库
[2026-07-17 10:07:07] ERROR: 连接超时
[2026-07-17 10:08:08] ERROR: 查询数据库
[2026-07-17 10:09:09] INFO: 连接超时
[2026-07-17 10:10:10] ERROR: 用户登录
[2026-07-17 10:11:11] INFO: 连接超时
[2026-07-17 10:12:12] ERROR: 用户登录
[2026-07-17 10:13:13] INFO: 连接超时
[2026-07-17 10:14:14] ERROR: 请求成功
[2026-07-17 10:15:15] WARNING: 请求成功
[2026-07-17 10:16:16] INFO: 查询数据库
[2026-07-17 10:17:17] ERROR: 查询数据库
[2026-07-17 10:18:18] ERROR: 内存不足
[2026-07-17 10:19:19] INFO: 内存不足
[2026-07-17 10:20:20] INFO: 查询数据库
[2026-07-17 10:21:21] INFO: 查询数据库
[2026-07-17 10:22:22] WARNING: 连接超时
[2026-07-17 10:23:23] INFO: 请求成功
[2026-07-17 10:24:24] WARNING: 查询数据库
[2026-07-17 10:25:25] INFO: 内存不足
[2026-07-17 10:26:26] INFO: 查询数据库
[2026-07-17 10:27:27] INFO: 连接超时
[2026-07-17 10:28:28] WARNING: 请求成功
[2026-07-17 10:29:29] ERROR: 查询数据库
[2026-07-17 10:30:30] INFO: 内存不足
[2026-07-17 10:31:31] ERROR: 用户登录
[2026-07-17 10:32:32] ERROR: 用户登录
[2026-07-17 10:33:33] INFO: 内存不足
[2026-07-17 10:34:34] WARNING: 连接超时
[2026-07-17 10:35:35] WARNING: 请求成功
[2026-07-17 10:36:36] ERROR: 连接超时
[2026-07-17 10:37:37] ERROR: 内存不足
[2026-07-17 10:38:38] INFO: 请求成功
[2026-07-17 10:39:39] ERROR: 内存不足
[2026-07-17 10:40:40] ERROR: 连接超时
[2026-07-17 10:41:41] INFO: 内存不足
[2026-07-17 10:42:42] INFO: 连接超时
[2026-07-17 10:43:43] INFO: 用户登录
[2026-07-17 10:44:44] WARNING: 用户登录
[2026-07-17 10:45:45] INFO: 用户登录
[2026-07-17 10:46:46] INFO: 用户登录
[2026-07-17 10:47:47] INFO: 连接超时
[2026-07-17 10:48:48] INFO: 连接超时
[2026-07-17 10:49:49] WARNING: 请求成功
[2026-07-17 10:50:50] INFO: 连接超时
[2026-07-17 10:51:51] INFO: 内存不足
[2026-07-17 10:52:52] INFO: 用户登录
[2026-07-17 10:53:53] ERROR: 连接超时
[2026-07-17 10:54:54] INFO: 内存不足
[2026-07-17 10:55:55] INFO: 连接超时
[2026-07-17 10:56:56] INFO: 内存不足
[2026-07-17 10:57:57] INFO: 连接超时
[2026-07-17 10:58:58] INFO: 请求成功
[2026-07-17 10:59:59] WARNING: 用户登录
[2026-07-17 10:00:00] INFO: 查询数据库
[2026-07-17 10:01:01] INFO: 用户登录
[2026-07-17 10:02:02] INFO: 查询数据库
[2026-07-17 10:03:03] INFO: 连接超时
[2026-07-17 10:04:04] INFO: 请求成功
[2026-07-17 10:05:05] WARNING: 内存不足
[2026-07-17 10:06:06] WARNING: 连接超时
[2026-07-17 10:07:07] INFO: 请求成功
[2026-07-17 10:08:08] ERROR: 连接超时
[2026-07-17 10:09:09] WARNING: 内存不足
[2026-07-17 10:10:10] INFO: 用户登录
[2026-07-17 10:11:11] INFO: 查询数据库
[2026-07-17 10:12:12] ERROR: 连接超时
[2026-07-17 10:13:13] WARNING: 连接超时
[2026-07-17 10:14:14] INFO: 用户登录
[2026-07-17 10:15:15] WARNING: 用户登录
[2026-07-17 10:16:16] WARNING: 连接超时
[2026-07-17 10:17:17] INFO: 查询数据库
[2026-07-17 10:18:18] ERROR: 连接超时
[2026-07-17 10:19:19] INFO: 请求成功
[2026-07-17 10:20:20] INFO: 用户登录
[2026-07-17 10:21:21] WARNING: 内存不足
[2026-07-17 10:22:22] INFO: 请求成功
[2026-07-17 10:23:23] INFO: 用户登录
[2026-07-17 10:24:24] WARNING: 请求成功
[2026-07-17 10:25:25] INFO: 内存不足
[2026-07-17 10:26:26] INFO: 内存不足
[2026-07-17 10:27:27] WARNING: 用户登录
[2026-07-17 10:28:28] WARNING: 连接超时
[2026-07-17 10:29:29] INFO: 连接超时
[2026-07-17 10:30:30] WARNING: 连接超时
[2026-07-17 10:31:31] ERROR: 内存不足
[2026-07-17 10:32:32] INFO: 用户登录
[2026-07-17 10:33:33] INFO: 连接超时
[2026-07-17 10:34:34] WARNING: 查询数据库
[2026-07-17 10:35:35] INFO: 查询数据库
[2026-07-17 10:36:36] INFO: 用户登录
[2026-07-17 10:37:37] INFO: 内存不足
[2026-07-17 10:38:38] INFO: 用户登录
[2026-07-17 10:39:39] INFO: 请求成功
[2026-07-17 10:40:40] INFO: 查询数据库
[2026-07-17 10:41:41] WARNING: 查询数据库
[2026-07-17 10:42:42] ERROR: 用户登录
[2026-07-17 10:43:43] ERROR: 内存不足
[2026-07-17 10:44:44] INFO: 用户登录
[2026-07-17 10:45:45] WARNING: 查询数据库
[2026-07-17 10:46:46] INFO: 连接超时
[2026-07-17 10:47:47] INFO: 查询数据库
[2026-07-17 10:48:48] WARNING: 内存不足
[2026-07-17 10:49:49] INFO: 查询数据库
[2026-07-17 10:50:50] WARNING: 内存不足
[2026-07-17 10:51:51] INFO: 查询数据库
[2026-07-17 10:52:52] ERROR: 查询数据库
[2026-07-17 10:53:53] ERROR: 用户登录
[2026-07-17 10:54:54] INFO: 查询数据库
[2026-07-17 10:55:55] INFO: 内存不足
[2026-07-17 10:56:56] INFO: 查询数据库
[2026-07-17 10:57:57] WARNING: 用户登录
[2026-07-17 10:58:58] WARNING: 查询数据库
[2026-07-17 10:59:59] ERROR: 请求成功
[2026-07-17 10:00:00] ERROR: 连接超时
[2026-07-17 10:01:01] ERROR: 连接超时
[2026-07-17 10:02:02] INFO: 查询数据库
[2026-07-17 10:03:03] WARNING: 内存不足
[2026-07-17 10:04:04] INFO: 查询数据库
[2026-07-17 10:05:05] INFO: 请求成功
[2026-07-17 10:06:06] INFO: 用户登录
[2026-07-17 10:07:07] INFO: 内存不足
[2026-07-17 10:08:08] ERROR: 用户登录
[2026-07-17 10:09:09] INFO: 用户登录
[2026-07-17 10:10:10] ERROR: 用户登录
[2026-07-17 10:11:11] ERROR: 内存不足
[2026-07-17 10:12:12] WARNING: 连接超时
[2026-07-17 10:13:13] INFO: 连接超时
[2026-07-17 10:14:14] INFO: 请求成功
[2026-07-17 10:15:15] WARNING: 连接超时
[2026-07-17 10:16:16] INFO: 用户登录
[2026-07-17 10:17:17] ERROR: 内存不足
[2026-07-17 10:18:18] ERROR: 查询数据库
[2026-07-17 10:19:19] INFO: 连接超时
[2026-07-17 10:20:20] WARNING: 查询数据库
[2026-07-17 10:21:21] INFO: 请求成功
[2026-07-17 10:22:22] INFO: 连接超时
[2026-07-17 10:23:23] ERROR: 请求成功
[2026-07-17 10:24:24] INFO: 内存不足
[2026-07-17 10:25:25] ERROR: 请求成功
[2026-07-17 10:26:26] INFO: 查询数据库
[2026-07-17 10:27:27] INFO: 查询数据库
[2026-07-17 10:28:28] INFO: 查询数据库
[2026-07-17 10:29:29] WARNING: 连接超时
[2026-07-17 10:30:30] WARNING: 内存不足
[2026-07-17 10:31:31] WARNING: 内存不足
[2026-07-17 10:32:32] INFO: 连接超时
[2026-07-17 10:33:33] INFO: 查询数据库
[2026-07-17 10:34:34] INFO: 用户登录
[2026-07-17 10:35:35] INFO: 查询数据库
[2026-07-17 10:36:36] INFO: 查询数据库
[2026-07-17 10:37:37] ERROR: 用户登录
[2026-07-17 10:38:38] INFO: 请求成功
[2026-07-17 10:39:39] WARNING: 请求成功
[2026-07-17 10:40:40] WARNING: 请求成功
[2026-07-17 10:41:41] ERROR: 用户登录
[2026-07-17 10:42:42] INFO: 请求成功
[2026-07-17 10:43:43] INFO: 连接超时
[2026-07-17 10:44:44] INFO: 请求成功
[2026-07-17 10:45:45] ERROR: 连接超时
[2026-07-17 10:46:46] ERROR: 请求成功
[2026-07-17 10:47:47] WARNING: 内存不足
[2026-07-17 10:48:48] INFO: 用户登录
[2026-07-17 10:49:49] WARNING: 用户登录
[2026-07-17 10:50:50] ERROR: 内存不足
[2026-07-17 10:51:51] WARNING: 内存不足
[2026-07-17 10:52:52] INFO: 连接超时
[2026-07-17 10:53:53] ERROR: 连接超时
[2026-07-17 10:54:54] ERROR: 请求成功
[2026-07-17 10:55:55] ERROR: 查询数据库
[2026-07-17 10:56:56] INFO: 用户登录
[2026-07-17 10:57:57] WARNING: 连接超时
[2026-07-17 10:58:58] INFO: 用户登录
[2026-07-17 10:59:59] INFO: 内存不足
[2026-07-17 10:00:00] ERROR: 内存不足
[2026-07-17 10:01:01] ERROR: 连接超时
[2026-07-17 10:02:02] INFO: 连接超时
[2026-07-17 10:03:03] INFO: 内存不足
[2026-07-17 10:04:04] INFO: 请求成功
[2026-07-17 10:05:05] INFO: 请求成功
[2026-07-17 10:06:06] WARNING: 连接超时
[2026-07-17 10:07:07] INFO: 查询数据库
[2026-07-17 10:08:08] INFO: 请求成功
[2026-07-17 10:09:09] WARNING: 查询数据库
[2026-07-17 10:10:10] INFO: 连接超时
[2026-07-17 10:11:11] INFO: 用户登录
[2026-07-17 10:12:12] INFO: 内存不足
[2026-07-17 10:13:13] INFO: 内存不足
[2026-07-17 10:14:14] WARNING: 用户登录
[2026-07-17 10:15:15] INFO: 连接超时
[2026-07-17 10:16:16] INFO: 内存不足
[2026-07-17 10:17:17] INFO: 连接超时
[2026-07-17 10:18:18] INFO: 内存不足
[2026-07-17 10:19:19] INFO: 查询数据库
[2026-07-17 10:20:20] INFO: 连接超时
[2026-07-17 10:21:21] WARNING: 用户登录
[2026-07-17 10:22:22] INFO: 内存不足
[2026-07-17 10:23:23] INFO: 内存不足
[2026-07-17 10:24:24] ERROR: 内存不足
[2026-07-17 10:25:25] ERROR: 用户登录
[2026-07-17 10:26:26] INFO: 用户登录
[2026-07-17 10:27:27] INFO: 用户登录
[2026-07-17 10:28:28] WARNING: 内存不足
[2026-07-17 10:29:29] INFO: 请求成功
[2026-07-17 10:30:30] INFO: 内存不足
[2026-07-17 10:31:31] INFO: 连接超时
[2026-07-17 10:32:32] INFO: 请求成功
[2026-07-17 10:33:33] WARNING: 连接超时
[2026-07-17 10:34:34] WARNING: 连接超时
[2026-07-17 10:35:35] INFO: 查询数据库
[2026-07-17 10:36:36] INFO: 查询数据库
[2026-07-17 10:37:37] INFO: 请求成功
[2026-07-17 10:38:38] INFO: 查询数据库
[2026-07-17 10:39:39] INFO: 内存不足
[2026-07-17 10:40:40] INFO: 请求成功
[2026-07-17 10:41:41] INFO: 用户登录
[2026-07-17 10:42:42] INFO: 查询数据库
[2026-07-17 10:43:43] INFO: 请求成功
[2026-07-17 10:44:44] INFO: 查询数据库
[2026-07-17 10:45:45] INFO: 内存不足
[2026-07-17 10:46:46] WARNING: 请求成功
[2026-07-17 10:47:47] INFO: 请求成功
[2026-07-17 10:48:48] INFO: 查询数据库
[2026-07-17 10:49:49] INFO: 用户登录
[2026-07-17 10:50:50] INFO: 查询数据库
[2026-07-17 10:51:51] ERROR: 查询数据库
[2026-07-17 10:52:52] INFO: 用户登录
[2026-07-17 10:53:53] ERROR: 请求成功
[2026-07-17 10:54:54] ERROR: 查询数据库
[2026-07-17 10:55:55] INFO: 请求成功
[2026-07-17 10:56:56] INFO: 查询数据库
[2026-07-17 10:57:57] INFO: 请求成功
[2026-07-17 10:58:58] WARNING: 用户登录
[2026-07-17 10:59:59] WARNING: 查询数据库
[2026-07-17 10:00:00] INFO: 用户登录
[2026-07-17 10:01:01] INFO: 查询数据库
[2026-07-17 10:02:02] INFO: 连接超时
[2026-07-17 10:03:03] WARNING: 连接超时
[2026-07-17 10:04:04] WARNING: 用户登录
[2026-07-17 10:05:05] ERROR: 连接超时
[2026-07-17 10:06:06] INFO: 请求成功
[2026-07-17 10:07:07] INFO: 内存不足
[2026-07-17 10:08:08] INFO: 内存不足
[2026-07-17 10:09:09] INFO: 用户登录
[2026-07-17 10:10:10] INFO: 请求成功
[2026-07-17 10:11:11] INFO: 连接超时
[2026-07-17 10:12:12] WARNING: 查询数据库
[2026-07-17 10:13:13] WARNING: 连接超时
[2026-07-17 10:14:14] INFO: 查询数据库
[2026-07-17 10:15:15] INFO: 查询数据库
[2026-07-17 10:16:16] INFO: 查询数据库
[2026-07-17 10:17:17] INFO: 查询数据库
[2026-07-17 10:18:18] INFO: 查询数据库
[2026-07-17 10:19:19] INFO: 请求成功
[2026-07-17 10:20:20] INFO: 用户登录
[2026-07-17 10:21:21] INFO: 请求成功
[2026-07-17 10:22:22] INFO: 查询数据库
[2026-07-17 10:23:23] INFO: 内存不足
[2026-07-17 10:24:24] ERROR: 查询数据库
[2026-07-17 10:25:25] INFO: 用户登录
[2026-07-17 10:26:26] ERROR: 查询数据库
[2026-07-17 10:27:27] INFO: 查询数据库
[2026-07-17 10:28:28] ERROR: 连接超时
[2026-07-17 10:29:29] INFO: 查询数据库
[2026-07-17 10:30:30] WARNING: 用户登录
[2026-07-17 10:31:31] ERROR: 请求成功
[2026-07-17 10:32:32] INFO: 用户登录
[2026-07-17 10:33:33] INFO: 内存不足
[2026-07-17 10:34:34] ERROR: 内存不足
[2026-07-17 10:35:35] ERROR: 连接超时
[2026-07-17 10:36:36] INFO: 请求成功
[2026-07-17 10:37:37] INFO: 用户登录
[2026-07-17 10:38:38] INFO: 请求成功
[2026-07-17 10:39:39] INFO: 用户登录
[2026-07-17 10:40:40] INFO: 请求成功
